<?xml version="1.0" encoding="UTF-8"?>
<!-- Generated by org.testng.reporters.JUnitReportReporter -->
<testsuite hostname="DESKTOP-JH1UENI" failures="0" tests="2" name="gieseckedevrient.tests.SubmitOrderTest" time="0.000" errors="0" timestamp="15 Oct 2023 14:19:46 GMT" skipped="2">
  <testcase classname="gieseckedevrient.tests.SubmitOrderTest" name="submitOrder" time="0.000">
    <skipped/>
  </testcase> <!-- submitOrder -->
  <testcase classname="gieseckedevrient.tests.SubmitOrderTest" name="OrderHistoryTest" time="0.000">
    <skipped/>
  </testcase> <!-- OrderHistoryTest -->
</testsuite> <!-- gieseckedevrient.tests.SubmitOrderTest -->
